SF:lib/app/app_controller.dart
DA:11,1
DA:13,2
LF:2
LH:2
end_of_record
SF:lib/app/app_controller.g.dart
DA:14,1
DA:16,4
DA:17,2
DA:18,1
DA:21,1
DA:23,4
DA:24,1
DA:25,2
DA:26,4
DA:31,1
DA:33,2
DA:35,1
DA:37,2
LF:13
LH:13
end_of_record
SF:lib/app/app_module.dart
DA:8,1
DA:9,1
DA:10,3
DA:13,0
DA:14,0
DA:15,0
DA:18,0
DA:19,0
DA:21,2
LF:9
LH:4
end_of_record
SF:lib/app/app_widget.dart
DA:5,0
DA:7,0
DA:8,0
DA:10,0
LF:4
LH:0
end_of_record
SF:lib/app/modules/home/home_module.dart
DA:6,1
DA:7,1
DA:8,3
DA:11,0
DA:12,0
DA:13,0
DA:16,2
LF:7
LH:4
end_of_record
SF:lib/app/modules/home/home_controller.g.dart
DA:14,1
DA:16,4
DA:17,2
DA:18,1
DA:21,1
DA:23,4
DA:24,1
DA:25,2
DA:26,4
DA:31,1
DA:33,2
DA:35,1
DA:37,2
LF:13
LH:13
end_of_record
SF:lib/app/modules/home/home_controller.dart
DA:11,1
DA:13,2
LF:2
LH:2
end_of_record
SF:lib/app/modules/home/home_page.dart
DA:5,2
DA:7,1
DA:8,1
DA:12,1
DA:14,1
DA:15,1
DA:16,3
DA:18,1
DA:19,1
LF:9
LH:9
end_of_record
